d:\ubb\semestrul_ii\oop\pregatire_examen\volunteering_qt\volunteeringapp\volunteeringapp\x64\debug\vc143.pdb
d:\ubb\semestrul_ii\oop\pregatire_examen\volunteering_qt\volunteeringapp\volunteeringapp\x64\debug\vc143.idb
d:\ubb\semestrul_ii\oop\pregatire_examen\volunteering_qt\volunteeringapp\volunteeringapp\x64\debug\qrc_volunteeringapp.obj
d:\ubb\semestrul_ii\oop\pregatire_examen\volunteering_qt\volunteeringapp\volunteeringapp\x64\debug\volunteeringapp.obj
d:\ubb\semestrul_ii\oop\pregatire_examen\volunteering_qt\volunteeringapp\volunteeringapp\x64\debug\main.obj
d:\ubb\semestrul_ii\oop\pregatire_examen\volunteering_qt\volunteeringapp\volunteeringapp\x64\debug\service.obj
d:\ubb\semestrul_ii\oop\pregatire_examen\volunteering_qt\volunteeringapp\volunteeringapp\x64\debug\volunteer.obj
d:\ubb\semestrul_ii\oop\pregatire_examen\volunteering_qt\volunteeringapp\volunteeringapp\x64\debug\department.obj
d:\ubb\semestrul_ii\oop\pregatire_examen\volunteering_qt\volunteeringapp\volunteeringapp\x64\debug\repository.obj
d:\ubb\semestrul_ii\oop\pregatire_examen\volunteering_qt\volunteeringapp\volunteeringapp\x64\debug\moc_volunteeringapp.obj
d:\ubb\semestrul_ii\oop\pregatire_examen\volunteering_qt\volunteeringapp\volunteeringapp\x64\debug\moc\moc_volunteeringapp.cpp
d:\ubb\semestrul_ii\oop\pregatire_examen\volunteering_qt\volunteeringapp\volunteeringapp\x64\debug\rcc\qrc_volunteeringapp.cpp
d:\ubb\semestrul_ii\oop\pregatire_examen\volunteering_qt\volunteeringapp\volunteeringapp\x64\debug\uic\ui_volunteeringapp.h
d:\ubb\semestrul_ii\oop\pregatire_examen\volunteering_qt\volunteeringapp\volunteeringapp\x64\debug\volunteeringapp.ilk
d:\ubb\semestrul_ii\oop\pregatire_examen\volunteering_qt\volunteeringapp\x64\debug\volunteeringapp.pdb
d:\ubb\semestrul_ii\oop\pregatire_examen\volunteering_qt\volunteeringapp\x64\debug\volunteeringapp.exe
d:\ubb\semestrul_ii\oop\pregatire_examen\volunteering_qt\volunteeringapp\volunteeringapp\x64\debug\volunteeringapp.tlog\cl.command.1.tlog
d:\ubb\semestrul_ii\oop\pregatire_examen\volunteering_qt\volunteeringapp\volunteeringapp\x64\debug\volunteeringapp.tlog\cl.items.tlog
d:\ubb\semestrul_ii\oop\pregatire_examen\volunteering_qt\volunteeringapp\volunteeringapp\x64\debug\volunteeringapp.tlog\cl.read.1.tlog
d:\ubb\semestrul_ii\oop\pregatire_examen\volunteering_qt\volunteeringapp\volunteeringapp\x64\debug\volunteeringapp.tlog\cl.write.1.tlog
d:\ubb\semestrul_ii\oop\pregatire_examen\volunteering_qt\volunteeringapp\volunteeringapp\x64\debug\volunteeringapp.tlog\link.command.1.tlog
d:\ubb\semestrul_ii\oop\pregatire_examen\volunteering_qt\volunteeringapp\volunteeringapp\x64\debug\volunteeringapp.tlog\link.read.1.tlog
d:\ubb\semestrul_ii\oop\pregatire_examen\volunteering_qt\volunteeringapp\volunteeringapp\x64\debug\volunteeringapp.tlog\link.write.1.tlog
d:\ubb\semestrul_ii\oop\pregatire_examen\volunteering_qt\volunteeringapp\volunteeringapp\x64\debug\volunteeringapp.tlog\moc.read.1u.tlog
d:\ubb\semestrul_ii\oop\pregatire_examen\volunteering_qt\volunteeringapp\volunteeringapp\x64\debug\volunteeringapp.tlog\moc.write.1u.tlog
d:\ubb\semestrul_ii\oop\pregatire_examen\volunteering_qt\volunteeringapp\volunteeringapp\x64\debug\volunteeringapp.tlog\rcc.read.1u.tlog
d:\ubb\semestrul_ii\oop\pregatire_examen\volunteering_qt\volunteeringapp\volunteeringapp\x64\debug\volunteeringapp.tlog\rcc.write.1u.tlog
d:\ubb\semestrul_ii\oop\pregatire_examen\volunteering_qt\volunteeringapp\volunteeringapp\x64\debug\volunteeringapp.tlog\uic.read.1u.tlog
d:\ubb\semestrul_ii\oop\pregatire_examen\volunteering_qt\volunteeringapp\volunteeringapp\x64\debug\volunteeringapp.tlog\uic.write.1u.tlog
d:\ubb\semestrul_ii\oop\pregatire_examen\volunteering_qt\volunteeringapp\volunteeringapp\x64\debug\volunteeringapp.tlog\volunteeringapp.write.1u.tlog
